<?xml version="1.0" encoding="UTF-8"?>
<!-- Generated by org.testng.reporters.JUnitReportReporter -->
<testsuite hostname="DESKTOP-S5JQL1G" failures="0" tests="1" name="com.qa.tests.GetAPItest" time="1.467" errors="0" timestamp="2022-07-17T22:04:45 IST" skipped="0">
  <testcase classname="com.qa.tests.GetAPItest" name="getAPITest" time="1.467"/>
  <system-out/>
</testsuite> <!-- com.qa.tests.GetAPItest -->
